<?xml version="1.0" encoding="UTF-8"?>
<!-- Generated by org.testng.reporters.JUnitXMLReporter -->
<testsuite hostname="DESKTOP-U63PT7Q" ignored="0" name="Gmail_Test" tests="5" failures="0" timestamp="2023-06-03T00:41:54 IST" time="132.969" errors="0">
  <testcase name="getMailsWithDifferentParams" time="3.081" classname="Tests.Gmail_Tests"/>
  <testcase name="getSpecificMail" time="100.34" classname="Tests.Gmail_Tests"/>
  <testcase name="deleteSpecificMail" time="2.514" classname="Tests.Gmail_Tests"/>
  <testcase name="sendMailTospecificToAddress" time="1.031" classname="Tests.Gmail_Tests"/>
  <testcase name="sendMailWithAttachment" time="2.049" classname="Tests.Gmail_Tests"/>
</testsuite> <!-- Gmail_Test -->
