<?xml version="1.0" encoding="UTF-8"?>
<testng-results skipped="0" failed="0" ignored="0" total="5" passed="5">
  <reporter-output>
    <line>
      <![CDATA[This is a test is starting...]]>
    </line>
    <line>
      <![CDATA[This is a test 1 was completed...]]>
    </line>
    <line>
      <![CDATA[This is a test 2 was completed...]]>
    </line>
    <line>
      <![CDATA[This is a test 3 was completed...]]>
    </line>
    <line>
      <![CDATA[This is a test was completed...]]>
    </line>
  </reporter-output>
  <suite name="Gmail_Suite" duration-ms="132969" started-at="2023-06-03T00:39:41 IST" finished-at="2023-06-03T00:41:54 IST">
    <groups>
    </groups>
    <test name="Gmail_Test" duration-ms="132969" started-at="2023-06-03T00:39:41 IST" finished-at="2023-06-03T00:41:54 IST">
      <class name="Tests.Gmail_Tests">
        <test-method status="PASS" signature="setup()[pri:0, instance:Tests.Gmail_Tests@77f99a05]" name="setup" is-config="true" duration-ms="23698" started-at="2023-06-03T00:39:42 IST" finished-at="2023-06-03T00:40:05 IST">
          <reporter-output>
            <line>
              <![CDATA[This is a test is starting...]]>
            </line>
          </reporter-output>
        </test-method> <!-- setup -->
        <test-method status="PASS" signature="getMailsWithDifferentParams()[pri:1, instance:Tests.Gmail_Tests@77f99a05]" name="getMailsWithDifferentParams" duration-ms="3081" started-at="2023-06-03T00:40:05 IST" finished-at="2023-06-03T00:40:08 IST">
          <reporter-output>
            <line>
              <![CDATA[This is a test 1 was completed...]]>
            </line>
            <line>
              <![CDATA[This is a test 2 was completed...]]>
            </line>
            <line>
              <![CDATA[This is a test 3 was completed...]]>
            </line>
          </reporter-output>
        </test-method> <!-- getMailsWithDifferentParams -->
        <test-method status="PASS" signature="getSpecificMail()[pri:2, instance:Tests.Gmail_Tests@77f99a05]" name="getSpecificMail" duration-ms="100340" started-at="2023-06-03T00:40:08 IST" finished-at="2023-06-03T00:41:49 IST">
          <reporter-output>
          </reporter-output>
        </test-method> <!-- getSpecificMail -->
        <test-method status="PASS" signature="deleteSpecificMail()[pri:3, instance:Tests.Gmail_Tests@77f99a05]" name="deleteSpecificMail" duration-ms="2514" started-at="2023-06-03T00:41:49 IST" finished-at="2023-06-03T00:41:51 IST">
          <reporter-output>
          </reporter-output>
        </test-method> <!-- deleteSpecificMail -->
        <test-method status="PASS" signature="sendMailTospecificToAddress()[pri:4, instance:Tests.Gmail_Tests@77f99a05]" name="sendMailTospecificToAddress" duration-ms="1031" started-at="2023-06-03T00:41:51 IST" finished-at="2023-06-03T00:41:52 IST">
          <reporter-output>
          </reporter-output>
        </test-method> <!-- sendMailTospecificToAddress -->
        <test-method status="PASS" signature="sendMailWithAttachment()[pri:5, instance:Tests.Gmail_Tests@77f99a05]" name="sendMailWithAttachment" duration-ms="2049" started-at="2023-06-03T00:41:52 IST" finished-at="2023-06-03T00:41:54 IST">
          <reporter-output>
          </reporter-output>
        </test-method> <!-- sendMailWithAttachment -->
        <test-method status="PASS" signature="afterClassExecuted()[pri:0, instance:Tests.Gmail_Tests@77f99a05]" name="afterClassExecuted" is-config="true" duration-ms="0" started-at="2023-06-03T00:41:54 IST" finished-at="2023-06-03T00:41:54 IST">
          <reporter-output>
            <line>
              <![CDATA[This is a test was completed...]]>
            </line>
          </reporter-output>
        </test-method> <!-- afterClassExecuted -->
      </class> <!-- Tests.Gmail_Tests -->
    </test> <!-- Gmail_Test -->
  </suite> <!-- Gmail_Suite -->
</testng-results>
